# pop_processes: 1

System altered.




PL/SQL procedure successfully completed.

Elapsed: 00:02:20.90

POP_STATUS
----------
	 0


# pop_processes: 2

System altered.




PL/SQL procedure successfully completed.

Elapsed: 00:01:10.80

POP_STATUS
----------
	 0


# pop_processes: 3

System altered.




PL/SQL procedure successfully completed.

Elapsed: 00:00:55.85

POP_STATUS
----------
	 0


# pop_processes: 4

System altered.




PL/SQL procedure successfully completed.

Elapsed: 00:00:55.82

POP_STATUS
----------
	 0


# pop_processes: 5

System altered.




PL/SQL procedure successfully completed.

Elapsed: 00:00:55.89

POP_STATUS
----------
	 0


# pop_processes: 6

System altered.




PL/SQL procedure successfully completed.

Elapsed: 00:00:55.80

POP_STATUS
----------
	 0


# pop_processes: 7

System altered.




PL/SQL procedure successfully completed.

Elapsed: 00:00:55.83

POP_STATUS
----------
	 0


# pop_processes: 8

System altered.




PL/SQL procedure successfully completed.

Elapsed: 00:00:55.97

POP_STATUS
----------
	 0


# pop_processes: 1

System altered.




PL/SQL procedure successfully completed.

Elapsed: 00:02:16.23

POP_STATUS
----------
	 0


# pop_processes: 2

System altered.




PL/SQL procedure successfully completed.

Elapsed: 00:01:16.14

POP_STATUS
----------
	 0


# pop_processes: 3

System altered.




PL/SQL procedure successfully completed.

Elapsed: 00:01:00.81

POP_STATUS
----------
	 0


# pop_processes: 4

System altered.




PL/SQL procedure successfully completed.

Elapsed: 00:00:56.35

POP_STATUS
----------
	 0


# pop_processes: 5

System altered.




PL/SQL procedure successfully completed.

Elapsed: 00:00:55.86

POP_STATUS
----------
	 0


# pop_processes: 6

System altered.




PL/SQL procedure successfully completed.

Elapsed: 00:00:55.80

POP_STATUS
----------
	 0


# pop_processes: 7

System altered.




PL/SQL procedure successfully completed.

Elapsed: 00:01:00.80

POP_STATUS
----------
	 0


# pop_processes: 8

System altered.




PL/SQL procedure successfully completed.

Elapsed: 00:00:55.84

POP_STATUS
----------
	 0


# pop_processes: 1

System altered.




PL/SQL procedure successfully completed.

Elapsed: 00:02:15.86

POP_STATUS
----------
	 0


# pop_processes: 2

System altered.




PL/SQL procedure successfully completed.

Elapsed: 00:01:10.75

POP_STATUS
----------
	 0


# pop_processes: 3

System altered.




PL/SQL procedure successfully completed.

Elapsed: 00:00:55.79

POP_STATUS
----------
	 0


# pop_processes: 4

System altered.




PL/SQL procedure successfully completed.

Elapsed: 00:00:55.82

POP_STATUS
----------
	 0


# pop_processes: 5

System altered.




PL/SQL procedure successfully completed.

Elapsed: 00:00:55.82

POP_STATUS
----------
	 0


# pop_processes: 6

System altered.




PL/SQL procedure successfully completed.

Elapsed: 00:00:56.28

POP_STATUS
----------
	 0


# pop_processes: 7

System altered.




PL/SQL procedure successfully completed.

Elapsed: 00:00:55.82

POP_STATUS
----------
	 0


# pop_processes: 8

System altered.




PL/SQL procedure successfully completed.

Elapsed: 00:00:55.77

POP_STATUS
----------
	 0


# pop_processes: 1

System altered.




PL/SQL procedure successfully completed.

Elapsed: 00:02:15.89

POP_STATUS
----------
	 0


# pop_processes: 2

System altered.




PL/SQL procedure successfully completed.

Elapsed: 00:01:10.81

POP_STATUS
----------
	 0


# pop_processes: 3

System altered.




PL/SQL procedure successfully completed.

Elapsed: 00:00:55.84

POP_STATUS
----------
	 0


# pop_processes: 4

System altered.




PL/SQL procedure successfully completed.

Elapsed: 00:00:55.81

POP_STATUS
----------
	 0


# pop_processes: 5

System altered.




PL/SQL procedure successfully completed.

Elapsed: 00:00:55.81

POP_STATUS
----------
	 0


# pop_processes: 6

System altered.




PL/SQL procedure successfully completed.

Elapsed: 00:00:55.85

POP_STATUS
----------
	 0


# pop_processes: 7

System altered.




PL/SQL procedure successfully completed.

Elapsed: 00:00:55.79

POP_STATUS
----------
	 0


# pop_processes: 8

System altered.




PL/SQL procedure successfully completed.

Elapsed: 00:00:55.79

POP_STATUS
----------
	 0


# pop_processes: 1

System altered.




PL/SQL procedure successfully completed.

Elapsed: 00:02:15.86

POP_STATUS
----------
	 0


# pop_processes: 2

System altered.




PL/SQL procedure successfully completed.

Elapsed: 00:01:10.87

POP_STATUS
----------
	 0


# pop_processes: 3

System altered.




PL/SQL procedure successfully completed.

Elapsed: 00:00:55.83

POP_STATUS
----------
	 0


# pop_processes: 4

System altered.




PL/SQL procedure successfully completed.

Elapsed: 00:00:55.78

POP_STATUS
----------
	 0


# pop_processes: 5

System altered.




PL/SQL procedure successfully completed.

Elapsed: 00:00:55.86

POP_STATUS
----------
	 0


# pop_processes: 6

System altered.




PL/SQL procedure successfully completed.

Elapsed: 00:00:55.85

POP_STATUS
----------
	 0


# pop_processes: 7

System altered.




PL/SQL procedure successfully completed.

Elapsed: 00:00:55.87

POP_STATUS
----------
	 0


# pop_processes: 8

System altered.




PL/SQL procedure successfully completed.

Elapsed: 00:01:00.80

POP_STATUS
----------
	 0


# pop_processes: 1

System altered.




PL/SQL procedure successfully completed.

Elapsed: 00:02:16.36

POP_STATUS
----------
	 0


# pop_processes: 2

System altered.




PL/SQL procedure successfully completed.

Elapsed: 00:01:10.81

POP_STATUS
----------
	 0


# pop_processes: 3

System altered.




PL/SQL procedure successfully completed.

Elapsed: 00:00:55.77

POP_STATUS
----------
	 0


# pop_processes: 4

System altered.




PL/SQL procedure successfully completed.

Elapsed: 00:00:55.78

POP_STATUS
----------
	 0


# pop_processes: 5

System altered.




PL/SQL procedure successfully completed.

Elapsed: 00:00:55.81

POP_STATUS
----------
	 0


# pop_processes: 6

System altered.




PL/SQL procedure successfully completed.

Elapsed: 00:00:55.78

POP_STATUS
----------
	 0


# pop_processes: 7

System altered.




PL/SQL procedure successfully completed.

Elapsed: 00:01:00.83

POP_STATUS
----------
	 0


# pop_processes: 8

System altered.




PL/SQL procedure successfully completed.

Elapsed: 00:00:55.83

POP_STATUS
----------
	 0


# pop_processes: 1

System altered.




PL/SQL procedure successfully completed.

Elapsed: 00:02:15.84

POP_STATUS
----------
	 0


# pop_processes: 2

System altered.




PL/SQL procedure successfully completed.

Elapsed: 00:01:10.89

POP_STATUS
----------
	 0


# pop_processes: 3

System altered.




PL/SQL procedure successfully completed.

Elapsed: 00:00:55.94

POP_STATUS
----------
	 0


# pop_processes: 4

System altered.




PL/SQL procedure successfully completed.

Elapsed: 00:00:55.77

POP_STATUS
----------
	 0


# pop_processes: 5

System altered.




PL/SQL procedure successfully completed.

Elapsed: 00:00:55.79

POP_STATUS
----------
	 0


# pop_processes: 6

System altered.




PL/SQL procedure successfully completed.

Elapsed: 00:00:55.80

POP_STATUS
----------
	 0


# pop_processes: 7

System altered.




PL/SQL procedure successfully completed.

Elapsed: 00:00:55.81

POP_STATUS
----------
	 0


# pop_processes: 8

System altered.




PL/SQL procedure successfully completed.

Elapsed: 00:00:55.84

POP_STATUS
----------
	 0


# pop_processes: 1

System altered.




PL/SQL procedure successfully completed.

Elapsed: 00:02:15.81

POP_STATUS
----------
	 0


# pop_processes: 2

System altered.




PL/SQL procedure successfully completed.

Elapsed: 00:01:11.14

POP_STATUS
----------
	 0


# pop_processes: 3

System altered.




PL/SQL procedure successfully completed.

Elapsed: 00:00:56.02

POP_STATUS
----------
	 0


# pop_processes: 4

System altered.




PL/SQL procedure successfully completed.

Elapsed: 00:00:55.81

POP_STATUS
----------
	 0


# pop_processes: 5

System altered.




PL/SQL procedure successfully completed.

Elapsed: 00:00:55.84

POP_STATUS
----------
	 0


# pop_processes: 6

System altered.




PL/SQL procedure successfully completed.

Elapsed: 00:00:55.83

POP_STATUS
----------
	 0


# pop_processes: 7

System altered.




PL/SQL procedure successfully completed.

Elapsed: 00:00:55.84

POP_STATUS
----------
	 0


# pop_processes: 8

System altered.




PL/SQL procedure successfully completed.

Elapsed: 00:00:55.81

POP_STATUS
----------
	 0


# pop_processes: 1

System altered.




PL/SQL procedure successfully completed.

Elapsed: 00:02:15.84

POP_STATUS
----------
	 0


# pop_processes: 2

System altered.




PL/SQL procedure successfully completed.

Elapsed: 00:01:10.78

POP_STATUS
----------
	 0


# pop_processes: 3

System altered.




PL/SQL procedure successfully completed.

Elapsed: 00:00:55.79

POP_STATUS
----------
	 0


# pop_processes: 4

System altered.




PL/SQL procedure successfully completed.

Elapsed: 00:00:55.82

POP_STATUS
----------
	 0


# pop_processes: 5

System altered.




PL/SQL procedure successfully completed.

Elapsed: 00:00:55.84

POP_STATUS
----------
	 0


# pop_processes: 6

System altered.




PL/SQL procedure successfully completed.

Elapsed: 00:01:00.86

POP_STATUS
----------
	 0


# pop_processes: 7

System altered.




PL/SQL procedure successfully completed.

Elapsed: 00:00:55.78

POP_STATUS
----------
	 0


# pop_processes: 8

System altered.




PL/SQL procedure successfully completed.

Elapsed: 00:00:55.92

POP_STATUS
----------
	 0


# pop_processes: 1

System altered.




PL/SQL procedure successfully completed.

Elapsed: 00:02:20.89

POP_STATUS
----------
	 0


# pop_processes: 2

System altered.




PL/SQL procedure successfully completed.

Elapsed: 00:01:15.80

POP_STATUS
----------
	 0


# pop_processes: 3

System altered.




PL/SQL procedure successfully completed.

Elapsed: 00:00:55.80

POP_STATUS
----------
	 0


# pop_processes: 4

System altered.




PL/SQL procedure successfully completed.

Elapsed: 00:00:55.82

POP_STATUS
----------
	 0


# pop_processes: 5

System altered.




PL/SQL procedure successfully completed.

Elapsed: 00:00:55.82

POP_STATUS
----------
	 0


# pop_processes: 6

System altered.




PL/SQL procedure successfully completed.

Elapsed: 00:00:55.78

POP_STATUS
----------
	 0


# pop_processes: 7

System altered.




PL/SQL procedure successfully completed.

Elapsed: 00:00:55.89

POP_STATUS
----------
	 0


# pop_processes: 8

System altered.




PL/SQL procedure successfully completed.

Elapsed: 00:00:55.83

POP_STATUS
----------
	 0


