[oracle@oracle-19c-vagrant chap06]$ ssb @dbim_aggregate_pushdown.sql

SQL*Plus: Release 19.0.0.0.0 - Production on Sat Apr 17 10:13:30 2021
Version 19.9.0.0.0

Copyright (c) 1982, 2020, Oracle.  All rights reserved.

Last Successful login time: Sat Apr 17 2021 10:06:40 +08:00

Connected to:
Oracle Database 19c Enterprise Edition Release 19.0.0.0.0 - Production
Version 19.9.0.0.0

Connected.
SQL> alter table lineorder no inmemory;

Table altered.

SQL> set pages 999
SQL> set lines 180
SQL> set timing on
SQL> select lo_shipmode, sum(lo_quantity) from lineorder where lo_shipmode not in ('SHIP', 'FOB') group by lo_shipmode;

LO_SHIPMOD SUM(LO_QUANTITY)
---------- ----------------
REG AIR            43760999
TRUCK              43694498
AIR                43784780
RAIL               43675817
MAIL               43692312

Elapsed: 00:00:01.45
SQL> set timing off
SQL> @../showplan
SQL> select * from table(dbms_xplan.display_cursor());

PLAN_TABLE_OUTPUT
------------------------------------------------------------------------------------------------------------------------------------------------------------------------------------
SQL_ID  2jbvb2vp30s45, child number 0
-------------------------------------
select lo_shipmode, sum(lo_quantity) from lineorder where lo_shipmode
not in ('SHIP', 'FOB') group by lo_shipmode

Plan hash value: 3675673598

--------------------------------------------------------------------------------
| Id  | Operation          | Name      | Rows  | Bytes | Cost (%CPU)| Time     |
--------------------------------------------------------------------------------
|   0 | SELECT STATEMENT   |           |       |       | 46014 (100)|          |
|   1 |  HASH GROUP BY     |           |     7 |    98 | 46014   (2)| 00:00:02 |
|*  2 |   TABLE ACCESS FULL| LINEORDER |  8814K|   117M| 45704   (1)| 00:00:02 |
--------------------------------------------------------------------------------

Predicate Information (identified by operation id):
---------------------------------------------------

   2 - filter(("LO_SHIPMODE"<>'SHIP' AND "LO_SHIPMODE"<>'FOB'))


20 rows selected.

SQL> @../imstats
SQL> SET PAGES 9999
SQL> SET LINES 120
SQL>
SQL> SELECT
  2      t1.name,
  3      t2.value
  4  FROM
  5      v$sysstat  t1,
  6      v$mystat   t2
  7  WHERE
  8      ( t1.name IN ( 'CPU used by this session',
  9                     'physical reads',
 10                     'physical reads direct',
 11                     'physical reads cache',
 12                     'session logical reads',
 13                     'session logical reads - IM',
 14                     'session pga memory',
 15                     'table scans (long tables)',
 16                     'table scans (IM)',
 17                     'table scan disk IMC fallback' )
 18        OR ( t1.name LIKE 'IM scan%' ) )
 19      AND t1.statistic# = t2.statistic#
 20      AND t2.value != 0
 21  ORDER BY
 22      t1.name;

NAME                                                                  VALUE
---------------------------------------------------------------- ----------
CPU used by this session                                                136
physical reads                                                       166654
physical reads cache                                                    107
physical reads direct                                                166547
session logical reads                                                170130
session pga memory                                                 13222224
table scans (long tables)                                                 1

7 rows selected.

SQL>
SQL> @../userlogin
SQL> connect ssb/Welcome1@orclpdb1
Connected.
SQL> set echo on
SQL> alter table lineorder inmemory;

Table altered.

SQL> exec popwait('SSB', 'LINEORDER', 120);

PL/SQL procedure successfully completed.

SQL> set timing on
SQL> select lo_shipmode, sum(lo_quantity) from lineorder where lo_shipmode not in ('SHIP', 'FOB') group by lo_shipmode;

LO_SHIPMOD SUM(LO_QUANTITY)
---------- ----------------
REG AIR            43760999
TRUCK              43694498
AIR                43784780
RAIL               43675817
MAIL               43692312

Elapsed: 00:00:00.06
SQL> set timing off
SQL> @../showplan
SQL> select * from table(dbms_xplan.display_cursor());

PLAN_TABLE_OUTPUT
------------------------------------------------------------------------------------------------------------------------
SQL_ID  2jbvb2vp30s45, child number 0
-------------------------------------
select lo_shipmode, sum(lo_quantity) from lineorder where lo_shipmode
not in ('SHIP', 'FOB') group by lo_shipmode

Plan hash value: 3675673598

-----------------------------------------------------------------------------------------
| Id  | Operation                   | Name      | Rows  | Bytes | Cost (%CPU)| Time     |
-----------------------------------------------------------------------------------------
|   0 | SELECT STATEMENT            |           |       |       |  1997 (100)|          |
|   1 |  HASH GROUP BY              |           |     7 |    98 |  1997  (16)| 00:00:01 |
|*  2 |   TABLE ACCESS INMEMORY FULL| LINEORDER |  8814K|   117M|  1996  (16)| 00:00:01 |
-----------------------------------------------------------------------------------------

Predicate Information (identified by operation id):
---------------------------------------------------

   2 - inmemory(("LO_SHIPMODE"<>'SHIP' AND "LO_SHIPMODE"<>'FOB'))
       filter(("LO_SHIPMODE"<>'SHIP' AND "LO_SHIPMODE"<>'FOB'))


21 rows selected.

SQL> @../imstats
SQL> SET PAGES 9999
SQL> SET LINES 120
SQL>
SQL> SELECT
  2      t1.name,
  3      t2.value
  4  FROM
  5      v$sysstat  t1,
  6      v$mystat   t2
  7  WHERE
  8      ( t1.name IN ( 'CPU used by this session',
  9                     'physical reads',
 10                     'physical reads direct',
 11                     'physical reads cache',
 12                     'session logical reads',
 13                     'session logical reads - IM',
 14                     'session pga memory',
 15                     'table scans (long tables)',
 16                     'table scans (IM)',
 17                     'table scan disk IMC fallback' )
 18        OR ( t1.name LIKE 'IM scan%' ) )
 19      AND t1.statistic# = t2.statistic#
 20      AND t2.value != 0
 21  ORDER BY
 22      t1.name;

NAME                                                                  VALUE
---------------------------------------------------------------- ----------
CPU used by this session                                                 21
IM scan CUs columns accessed                                             48
IM scan CUs columns theoretical max                                     408
IM scan CUs current                                                      24
IM scan CUs memcompress for query low                                    24
IM scan CUs no cleanout                                                  24
IM scan CUs pcode aggregation pushdown                                   24
IM scan CUs pcode pred evaled                                            72
IM scan CUs predicates applied                                           48
IM scan CUs predicates received                                          48
IM scan CUs readlist creation accumulated time                            8
IM scan CUs readlist creation number                                     24
IM scan CUs split pieces                                                 32
IM scan bytes in-memory                                           573227179
IM scan bytes uncompressed                                       1140734066
IM scan delta - only base scan                                           24
IM scan dict engine results reused                                       24
IM scan rows                                                       11997996
IM scan rows pcode aggregated                                       8571673
IM scan rows projected                                                  120
IM scan rows valid                                                 11997996
IM scan segments minmax eligible                                         24
physical reads                                                           90
physical reads cache                                                     90
session logical reads                                                169045
session logical reads - IM                                           166547
session pga memory                                                 13025616
table scans (IM)                                                          1
table scans (long tables)                                                 1

29 rows selected.

SQL>
SQL> select count(*) as NUMBER_OF_IMCUs from v$im_header where is_head_piece = 1
  2          and table_objn in (select object_id from user_objects where object_name = 'LINEORDER');

NUMBER_OF_IMCUS
---------------
             24

SQL>
SQL> select count(*) from lineorder where lo_shipmode not in ('FOB', 'SHIP');

  COUNT(*)
----------
   8571673

SQL>
SQL> exit
Disconnected from Oracle Database 19c Enterprise Edition Release 19.0.0.0.0 - Production
Version 19.9.0.0.0

