
SQL*Loader: Release 19.0.0.0.0 - Production on Thu May 6 07:49:01 2021
Version 19.9.0.0.0

Copyright (c) 1982, 2019, Oracle and/or its affiliates.  All rights reserved.

Control File:   /home/oracle/dbimbook/chap02/SSB/controlfiles/lineorder.ctl
Data File:      lineorder.tbl
  Bad File:     lineorder.bad
  Discard File: lineorder.disc 
 (Allow all discards)

Number to load: ALL
Number to skip: 0
Errors allowed: 50
Continuation:    none specified
Path used:      Direct

Table SSB.LINEORDER, loaded from every logical record.
Insert option in effect for this table: APPEND

   Column Name                  Position   Len  Term Encl Datatype
------------------------------ ---------- ----- ---- ---- ---------------------
LO_ORDERKEY                         FIRST     *   |       CHARACTER            
    NULL if LO_ORDERKEY = BLANKS
LO_LINENUMBER                        NEXT     *   |       CHARACTER            
    NULL if LO_LINENUMBER = BLANKS
LO_CUSTKEY                           NEXT     *   |       CHARACTER            
    NULL if LO_CUSTKEY = BLANKS
LO_PARTKEY                           NEXT     *   |       CHARACTER            
    NULL if LO_PARTKEY = BLANKS
LO_SUPPKEY                           NEXT     *   |       CHARACTER            
    NULL if LO_SUPPKEY = BLANKS
LO_ORDERDATE                         NEXT     *   |       CHARACTER            
    NULL if LO_ORDERDATE = BLANKS
LO_ORDERPRIORITY                     NEXT     *   |       CHARACTER            
    NULL if LO_ORDERPRIORITY = BLANKS
LO_SHIPPRIORITY                      NEXT     *   |       CHARACTER            
    NULL if LO_SHIPPRIORITY = BLANKS
LO_QUANTITY                          NEXT     *   |       CHARACTER            
    NULL if LO_QUANTITY = BLANKS
LO_EXTENDEDPRICE                     NEXT     *   |       CHARACTER            
    NULL if LO_EXTENDEDPRICE = BLANKS
LO_ORDTOTALPRICE                     NEXT     *   |       CHARACTER            
    NULL if LO_ORDTOTALPRICE = BLANKS
LO_DISCOUNT                          NEXT     *   |       CHARACTER            
    NULL if LO_DISCOUNT = BLANKS
LO_REVENUE                           NEXT     *   |       CHARACTER            
    NULL if LO_REVENUE = BLANKS
LO_SUPPLYCOST                        NEXT     *   |       CHARACTER            
    NULL if LO_SUPPLYCOST = BLANKS
LO_TAX                               NEXT     *   |       CHARACTER            
    NULL if LO_TAX = BLANKS
LO_COMMITDATE                        NEXT     *   |       CHARACTER            
    NULL if LO_COMMITDATE = BLANKS
LO_SHIPMODE                          NEXT     *   |       CHARACTER            
    NULL if LO_SHIPMODE = BLANKS

SQL*Loader-500: Unable to open file (lineorder.tbl)
SQL*Loader-553: file not found
SQL*Loader-509: System error: No such file or directory
SQL*Loader-2026: the load was aborted because SQL Loader cannot continue.

Table SSB.LINEORDER:
  0 Rows successfully loaded.
  0 Rows not loaded due to data errors.
  0 Rows not loaded because all WHEN clauses were failed.
  0 Rows not loaded because all fields were null.

Bind array size not used in direct path.
Column array  rows :    5000
Stream buffer bytes:  256000
Read   buffer bytes: 1048576

Total logical records skipped:          0
Total logical records read:             0
Total logical records rejected:         0
Total logical records discarded:        0
Total stream buffers loaded by SQL*Loader main thread:        0
Total stream buffers loaded by SQL*Loader load thread:        0

Run began on Thu May 06 07:49:01 2021
Run ended on Thu May 06 07:49:02 2021

Elapsed time was:     00:00:01.25
CPU time was:         00:00:00.01
