[oracle@oracle-19c-vagrant chap06]$ ssb @dbim_predicate_pushdown04.sql

SQL*Plus: Release 19.0.0.0.0 - Production on Sat Apr 17 09:16:58 2021
Version 19.9.0.0.0

Copyright (c) 1982, 2020, Oracle.  All rights reserved.

Last Successful login time: Sat Apr 17 2021 09:15:00 +08:00

Connected to:
Oracle Database 19c Enterprise Edition Release 19.0.0.0.0 - Production
Version 19.9.0.0.0

Connected.
SQL> alter table lineorder no inmemory;

Table altered.

SQL> set pages 999
SQL> set lines 180
SQL> set timing on
SQL> select lo_shipmode, count(*) from lineorder group by lo_shipmode;

LO_SHIPMOD   COUNT(*)
---------- ----------
FOB           1713871
SHIP          1712452
REG AIR       1715164
TRUCK         1714622
AIR           1715532
RAIL          1712884
MAIL          1713471

7 rows selected.

Elapsed: 00:00:01.25
SQL> set timing off
SQL> @../showplan
SQL> select * from table(dbms_xplan.display_cursor());

PLAN_TABLE_OUTPUT
------------------------------------------------------------------------------------------------------------------------------------------------------------------------------------
SQL_ID  8wp14ycb88drs, child number 1
-------------------------------------
select lo_shipmode, count(*) from lineorder group by lo_shipmode

Plan hash value: 3675673598

--------------------------------------------------------------------------------
| Id  | Operation          | Name      | Rows  | Bytes | Cost (%CPU)| Time     |
--------------------------------------------------------------------------------
|   0 | SELECT STATEMENT   |           |       |       | 45946 (100)|          |
|   1 |  HASH GROUP BY     |           |     7 |    77 | 45946   (2)| 00:00:02 |
|   2 |   TABLE ACCESS FULL| LINEORDER |    11M|   125M| 45516   (1)| 00:00:02 |
--------------------------------------------------------------------------------


14 rows selected.

SQL> @../imstats
SQL> SET PAGES 9999
SQL> SET LINES 120
SQL>
SQL> SELECT
  2      t1.name,
  3      t2.value
  4  FROM
  5      v$sysstat  t1,
  6      v$mystat   t2
  7  WHERE
  8      ( t1.name IN ( 'CPU used by this session',
  9                     'physical reads',
 10                     'physical reads direct',
 11                     'physical reads cache',
 12                     'session logical reads',
 13                     'session logical reads - IM',
 14                     'session pga memory',
 15                     'table scans (long tables)',
 16                     'table scans (IM)',
 17                     'table scan disk IMC fallback' )
 18        OR ( t1.name LIKE 'IM scan%' ) )
 19      AND t1.statistic# = t2.statistic#
 20      AND t2.value != 0
 21  ORDER BY
 22      t1.name;

NAME                                                                  VALUE
---------------------------------------------------------------- ----------
CPU used by this session                                                 91
physical reads                                                       166554
physical reads cache                                                      7
physical reads direct                                                166547
session logical reads                                                169774
session pga memory                                                 12960080
table scans (long tables)                                                 1

7 rows selected.

SQL>
SQL> @../userlogin
SQL> connect ssb/Welcome1@orclpdb1
Connected.
SQL> set echo on
SQL> alter table lineorder inmemory;

Table altered.

SQL> exec popwait('SSB', 'LINEORDER', 120);

PL/SQL procedure successfully completed.

SQL> set timing on
SQL> select lo_shipmode, count(*) from lineorder group by lo_shipmode;

LO_SHIPMOD   COUNT(*)
---------- ----------
FOB           1713871
SHIP          1712452
REG AIR       1715164
TRUCK         1714622
AIR           1715532
RAIL          1712884
MAIL          1713471

7 rows selected.

Elapsed: 00:00:00.02
SQL> set timing off
SQL> @../showplan
SQL> select * from table(dbms_xplan.display_cursor());

PLAN_TABLE_OUTPUT
------------------------------------------------------------------------------------------------------------------------
SQL_ID  8wp14ycb88drs, child number 1
-------------------------------------
select lo_shipmode, count(*) from lineorder group by lo_shipmode

Plan hash value: 3675673598

-----------------------------------------------------------------------------------------
| Id  | Operation                   | Name      | Rows  | Bytes | Cost (%CPU)| Time     |
-----------------------------------------------------------------------------------------
|   0 | SELECT STATEMENT            |           |       |       |  1760 (100)|          |
|   1 |  HASH GROUP BY              |           |     7 |    77 |  1760   (5)| 00:00:01 |
|   2 |   TABLE ACCESS INMEMORY FULL| LINEORDER |    11M|   125M|  1759   (5)| 00:00:01 |
-----------------------------------------------------------------------------------------


14 rows selected.

SQL> @../imstats
SQL> SET PAGES 9999
SQL> SET LINES 120
SQL>
SQL> SELECT
  2      t1.name,
  3      t2.value
  4  FROM
  5      v$sysstat  t1,
  6      v$mystat   t2
  7  WHERE
  8      ( t1.name IN ( 'CPU used by this session',
  9                     'physical reads',
 10                     'physical reads direct',
 11                     'physical reads cache',
 12                     'session logical reads',
 13                     'session logical reads - IM',
 14                     'session pga memory',
 15                     'table scans (long tables)',
 16                     'table scans (IM)',
 17                     'table scan disk IMC fallback' )
 18        OR ( t1.name LIKE 'IM scan%' ) )
 19      AND t1.statistic# = t2.statistic#
 20      AND t2.value != 0
 21  ORDER BY
 22      t1.name;

NAME                                                                  VALUE
---------------------------------------------------------------- ----------
CPU used by this session                                                  7
IM scan CUs columns accessed                                             24
IM scan CUs columns theoretical max                                     408
IM scan CUs current                                                      24
IM scan CUs memcompress for query low                                    24
IM scan CUs no cleanout                                                  24
IM scan CUs pcode aggregation pushdown                                   24
IM scan CUs readlist creation accumulated time                            5
IM scan CUs readlist creation number                                     24
IM scan CUs split pieces                                                 33
IM scan bytes in-memory                                           573227204
IM scan bytes uncompressed                                       1140734066
IM scan delta - only base scan                                           24
IM scan dict engine results reused                                       24
IM scan rows                                                       11997996
IM scan rows pcode aggregated                                      11997996
IM scan rows projected                                                  168
IM scan rows valid                                                 11997996
session logical reads                                                167148
session logical reads - IM                                           166547
session pga memory                                                 13615440
table scans (IM)                                                          1
table scans (long tables)                                                 1

23 rows selected.

SQL>
SQL> exit
Disconnected from Oracle Database 19c Enterprise Edition Release 19.0.0.0.0 - Production
Version 19.9.0.0.0

